<?xml version="1.0" encoding="UTF-8"?>
<!-- Generated by org.testng.reporters.JUnitReportReporter -->
<testsuite skipped="0" hostname="ASUTOSH" name="Sc7" tests="1" failures="0" timestamp="14 Aug 2019 06:16:56 GMT" time="93.329" errors="0">
  <testcase name="M7" time="93.329" classname="Sc7"/>
</testsuite> <!-- Sc7 -->
