<?xml version="1.0" encoding="UTF-8"?>
<!-- Generated by org.testng.reporters.JUnitReportReporter -->
<testsuite skipped="0" hostname="ASUTOSH" name="Sc1" tests="1" failures="0" timestamp="13 Aug 2019 19:34:11 GMT" time="90.540" errors="0">
  <testcase name="M1" time="90.540" classname="Sc1"/>
</testsuite> <!-- Sc1 -->
